<?xml version="1.0" encoding="UTF-8"?>
<!-- Generated by org.testng.reporters.JUnitReportReporter -->
<testsuite hostname="Navi" failures="0" tests="1" name="com.servicenow.testcases.TC_001Create_Incident" time="90.744" errors="0" timestamp="2024-03-14T14:59:23 IST" skipped="0">
  <testcase classname="com.servicenow.testcases.TC_001Create_Incident" name="runCreateIncident" time="90.744"/>
  <system-out/>
</testsuite> <!-- com.servicenow.testcases.TC_001Create_Incident -->
