<?xml version="1.0" encoding="UTF-8"?>
<!-- Generated by org.testng.reporters.JUnitReportReporter -->
<testsuite hostname="Navi" failures="0" tests="1" name="com.framework.servicenow.tests.rest.TC001_CreateIncident_ConfigurationManager" time="5.551" errors="0" timestamp="2024-03-14T12:55:34 IST" skipped="0">
  <testcase classname="com.framework.servicenow.tests.rest.TC001_CreateIncident_ConfigurationManager" name="createIncident" time="5.551"/>
  <system-out/>
</testsuite> <!-- com.framework.servicenow.tests.rest.TC001_CreateIncident_ConfigurationManager -->
