<?xml version="1.0" encoding="UTF-8"?>
<!-- Generated by org.testng.reporters.JUnitReportReporter -->
<testsuite hostname="Navi" failures="0" tests="1" name="com.servicenow.testcases.LearnFaker" time="0.256" errors="0" timestamp="2024-03-14T11:57:36 IST" skipped="0">
  <testcase classname="com.servicenow.testcases.LearnFaker" name="faker" time="0.256"/>
  <system-out/>
</testsuite> <!-- com.servicenow.testcases.LearnFaker -->
