<?xml version="1.0" encoding="UTF-8"?>
<!-- Generated by org.testng.reporters.JUnitReportReporter -->
<testsuite hostname="Navi" failures="0" tests="2" name="jsonSimple.jsonDataCreator" time="0.110" errors="0" timestamp="2024-03-14T15:06:55 IST" skipped="0">
  <testcase classname="jsonSimple.jsonDataCreator" name="jsondata2" time="0.001"/>
  <system-out/>
  <testcase classname="jsonSimple.jsonDataCreator" name="jsondata1" time="0.109"/>
  <system-out/>
</testsuite> <!-- jsonSimple.jsonDataCreator -->
