<?xml version="1.0" encoding="UTF-8"?>
<!-- Generated by org.testng.reporters.JUnitReportReporter -->
<testsuite hostname="Navi" failures="0" tests="1" name="com.framework.servicenow.tests.rest.TC003_DeleteIncident_ConfigurationManager" time="3.833" errors="0" timestamp="2024-03-14T15:06:55 IST" skipped="0">
  <testcase classname="com.framework.servicenow.tests.rest.TC003_DeleteIncident_ConfigurationManager" name="deleteIncident" time="3.833"/>
  <system-out/>
</testsuite> <!-- com.framework.servicenow.tests.rest.TC003_DeleteIncident_ConfigurationManager -->
