<?xml version="1.0" encoding="UTF-8"?>
<!-- Generated by org.testng.reporters.JUnitReportReporter -->
<testsuite hostname="Navi" failures="0" tests="1" name="com.framework.servicenow.tests.rest.TC002_UpdateIncident_ConfigurationManager" time="3.299" errors="0" timestamp="2024-03-14T15:06:55 IST" skipped="0">
  <testcase classname="com.framework.servicenow.tests.rest.TC002_UpdateIncident_ConfigurationManager" name="updateIncident" time="3.299"/>
  <system-out/>
</testsuite> <!-- com.framework.servicenow.tests.rest.TC002_UpdateIncident_ConfigurationManager -->
